[debug] [2026-07-01T15:55:48.430Z] ----------------------------------------------------------------------
[debug] [2026-07-01T15:55:48.436Z] Command:       C:\Program Files\nodejs\node.exe C:\Users\Ahmad\AppData\Roaming\npm\node_modules\firebase-tools\lib\bin\firebase.js projects:list
[debug] [2026-07-01T15:55:48.437Z] CLI Version:   14.9.0
[debug] [2026-07-01T15:55:48.437Z] Platform:      win32
[debug] [2026-07-01T15:55:48.437Z] Node Version:  v22.17.0
[debug] [2026-07-01T15:55:48.438Z] Time:          Wed Jul 01 2026 17:55:48 GMT+0200 (Mitteleuropäische Sommerzeit)
[debug] [2026-07-01T15:55:48.438Z] ----------------------------------------------------------------------
[debug] 
[debug] [2026-07-01T15:55:48.446Z] >>> [apiv2][query] GET https://firebase-public.firebaseio.com/cli.json [none]
[debug] [2026-07-01T15:55:48.588Z] > command requires scopes: ["email","openid","https://www.googleapis.com/auth/cloudplatformprojects.readonly","https://www.googleapis.com/auth/firebase","https://www.googleapis.com/auth/cloud-platform"]
[debug] [2026-07-01T15:55:48.589Z] > authorizing via signed-in user (ahmadnasrullaha19n@gmail.com)
[debug] [2026-07-01T15:55:48.597Z] Checked if tokens are valid: false, expires at: 1754927459217
[debug] [2026-07-01T15:55:48.597Z] Checked if tokens are valid: false, expires at: 1754927459217
[debug] [2026-07-01T15:55:48.598Z] > refreshing access token with scopes: []
[debug] [2026-07-01T15:55:48.601Z] >>> [apiv2][query] POST https://www.googleapis.com/oauth2/v3/token [none]
[debug] [2026-07-01T15:55:48.601Z] >>> [apiv2][body] POST https://www.googleapis.com/oauth2/v3/token [omitted]
[debug] [2026-07-01T15:55:48.723Z] <<< [apiv2][status] POST https://www.googleapis.com/oauth2/v3/token 400
[debug] [2026-07-01T15:55:48.723Z] <<< [apiv2][body] POST https://www.googleapis.com/oauth2/v3/token [omitted]
[debug] [2026-07-01T15:55:48.724Z] >>> [apiv2][query] GET https://firebase.googleapis.com/v1beta1/projects pageSize=1000
[debug] [2026-07-01T15:55:48.823Z] <<< [apiv2][status] GET https://firebase.googleapis.com/v1beta1/projects 401
[debug] [2026-07-01T15:55:48.823Z] <<< [apiv2][body] GET https://firebase.googleapis.com/v1beta1/projects [omitted]
[debug] [2026-07-01T15:55:48.823Z] Got a 401 Unauthenticated error for a call that required authentication. Refreshing tokens.
[debug] [2026-07-01T15:55:48.824Z] Checked if tokens are valid: false, expires at: 1754927459217
[debug] [2026-07-01T15:55:48.824Z] Checked if tokens are valid: false, expires at: 1754927459217
[debug] [2026-07-01T15:55:48.824Z] > refreshing access token with scopes: []
[debug] [2026-07-01T15:55:48.825Z] >>> [apiv2][query] POST https://www.googleapis.com/oauth2/v3/token [none]
[debug] [2026-07-01T15:55:48.825Z] >>> [apiv2][body] POST https://www.googleapis.com/oauth2/v3/token [omitted]
[debug] [2026-07-01T15:55:48.859Z] <<< [apiv2][status] POST https://www.googleapis.com/oauth2/v3/token 400
[debug] [2026-07-01T15:55:48.859Z] <<< [apiv2][body] POST https://www.googleapis.com/oauth2/v3/token [omitted]
[debug] [2026-07-01T15:55:48.861Z] Request to https://firebase.googleapis.com/v1beta1/projects?pageSize=1000 had HTTP Error: 401, Request had invalid authentication credentials. Expected OAuth 2 access token, login cookie or other valid authentication credential. See https://developers.google.com/identity/sign-in/web/devconsole-project.
[debug] [2026-07-01T15:55:48.896Z] <<< [apiv2][status] GET https://firebase-public.firebaseio.com/cli.json 200
[debug] [2026-07-01T15:55:48.897Z] <<< [apiv2][body] GET https://firebase-public.firebaseio.com/cli.json {"cloudBuildErrorAfter":1594252800000,"cloudBuildWarnAfter":1590019200000,"defaultNode10After":1594252800000,"minVersion":"3.0.5","node8DeploysDisabledAfter":1613390400000,"node8RuntimeDisabledAfter":1615809600000,"node8WarnAfter":1600128000000}
[debug] [2026-07-01T15:55:48.973Z] FirebaseError: Request to https://firebase.googleapis.com/v1beta1/projects?pageSize=1000 had HTTP Error: 401, Request had invalid authentication credentials. Expected OAuth 2 access token, login cookie or other valid authentication credential. See https://developers.google.com/identity/sign-in/web/devconsole-project.
    at responseToError (C:\Users\Ahmad\AppData\Roaming\npm\node_modules\firebase-tools\lib\responseToError.js:52:12)
    at RetryOperation._fn (C:\Users\Ahmad\AppData\Roaming\npm\node_modules\firebase-tools\lib\apiv2.js:312:77)
    at process.processTicksAndRejections (node:internal/process/task_queues:105:5)
[error] 
[error] Error: Failed to list Firebase projects. See firebase-debug.log for more info.
